<?xml version='1.0' encoding='UTF-8'?>
<testsuite hostname="knoldus-Vostro-3546" name="com.knoldus.RestSpec" tests="5" errors="0" failures="0" skipped="0" time="24.385">
                     <properties>
[...]
</properties>
                     <testcase classname="com.knoldus.RestSpec" name="The service should return a user name for GET requests /read" time="21.198">
                                                 
                                               </testcase><testcase classname="com.knoldus.RestSpec" name="The service should return user added as response for a Post request to /adduser" time="3.152">
                                                 
                                               </testcase><testcase classname="com.knoldus.RestSpec" name="The service should return a user updated response for a Put request to /updateuser" time="0.012">
                                                 
                                               </testcase><testcase classname="com.knoldus.RestSpec" name="The service should delete an existing user for a Delete request to /deleteuser" time="0.006">
                                                 
                                               </testcase><testcase classname="com.knoldus.RestSpec" name="The service should leave GET requests to other paths unhandled" time="0.017">
                                                 
                                               </testcase>
                     <system-out></system-out>
                     <system-err></system-err>
                   </testsuite>